<?xml version="1.0" encoding="UTF-8"?>
<!-- Generated by org.testng.reporters.JUnitReportReporter -->
<testsuite hostname="Sarvagni" failures="0" tests="1" name="com.runTest.TestExecution" time="15.807" errors="0" timestamp="2021-10-19T13:44:20 IST" skipped="0">
  <testcase classname="com.runTest.TestExecution" name="test1" time="15.807"/>
  <system-out/>
</testsuite> <!-- com.runTest.TestExecution -->
